<?xml version="1.0" encoding="UTF-8"?>
<!-- Generated by org.testng.reporters.JUnitReportReporter -->
<testsuite hostname="L2KRRHR2" failures="0" tests="1" name="testcases.CreateLead" time="24.001" errors="0" timestamp="2023-03-26T01:13:29 EDT" skipped="0">
  <testcase classname="testcases.CreateLead" name="runLogin" time="24.001"/>
  <system-out/>
</testsuite> <!-- testcases.CreateLead -->
