<?xml version="1.0" encoding="UTF-8"?>
<!-- Generated by org.testng.reporters.JUnitReportReporter -->
<testsuite hostname="L2KRRHR2" failures="0" tests="2" name="org.vincent.runner.RunnerForCucumber" time="41.520" errors="0" timestamp="2023-03-19T01:24:04 EDT" skipped="0">
  <testcase classname="org.vincent.runner.RunnerForCucumber" name="runScenario" time="22.951"/>
  <system-out/>
  <testcase classname="org.vincent.runner.RunnerForCucumber" name="runScenario" time="18.569"/>
  <system-out/>
</testsuite> <!-- org.vincent.runner.RunnerForCucumber -->
